[33mVerifying downloaded:[39m 0%
[33mVerifying downloaded:[39m 75%
[33mVerifying downloaded:[39m 75%
[33mVerifying downloaded:[39m 75%
[33mVerifying downloaded:[39m 75%
[33mVerifying downloaded:[39m 75%
[33mVerifying downloaded:[39m 75%
[33mVerifying downloaded:[39m 75%
[33mVerifying downloaded:[39m 75%
[33mVerifying downloaded:[39m 75%
[33mVerifying downloaded:[39m 75%
[33mVerifying downloaded:[39m 75%
[33mVerifying downloaded:[39m 75%
[33mVerifying downloaded:[39m 75%
[33mVerifying downloaded:[39m 75%
[33mVerifying downloaded:[39m 75%
[33mVerifying downloaded:[39m 75%
[33mVerifying downloaded:[39m 75%
[33mVerifying downloaded:[39m 75%
[33mVerifying downloaded:[39m 75%
[33mVerifying downloaded:[39m 75%
[33mVerifying downloaded:[39m 83%
[H[2J[32mopen[39m [1mvlc[22m [32mand enter[39m [1mhttp://192.168.88.11:57809/[22m [32mas the network address[39m

[33minfo[39m [32mstreaming[39m [1mBetter.Call.Saul.S06E11.NF.WEB-DL.720p.x264-NTb.mkv (1.7GB)[22m [32m-[39m [1m0.0B/s[22m [32mfrom[39m [1m0/0[22m [32mpeers[39m    
[33minfo[39m [32mpath[39m [36m/tmp/torrent-stream/034ce7c5debe803ba94ac227900e88c366cd8807[39m
[33minfo[39m [32mdownloaded[39m [1m0.0B[22m (0%) [32mand uploaded [39m[1m0.0B[22m [32min [39m[1m2s[22m [32mwith[39m [1m0[22m [32mhotswaps[39m     
[33minfo[39m [32mverified[39m [1m21[22m [32mpieces and received[39m [1m0[22m [32minvalid pieces[39m
[33minfo[39m [32mpeer queue size is[39m [1m0[22m
                                                                                
[32mPress SPACE to pause download or CTRL+L to open download location[39m

                                                                                
[32mopen[39m [1mvlc[22m [32mand enter[39m [1mhttp://192.168.88.11:57809/[22m [32mas the network address[39m

[33minfo[39m [32mstreaming[39m [1mBetter.Call.Saul.S06E11.NF.WEB-DL.720p.x264-NTb.mkv (1.7GB)[22m [32m-[39m [1m0.0B/s[22m [32mfrom[39m [1m0/0[22m [32mpeers[39m    
[33minfo[39m [32mpath[39m [36m/tmp/torrent-stream/034ce7c5debe803ba94ac227900e88c366cd8807[39m
[33minfo[39m [32mdownloaded[39m [1m0.0B[22m (0%) [32mand uploaded [39m[1m0.0B[22m [32min [39m[1m3s[22m [32mwith[39m [1m0[22m [32mhotswaps[39m     
[33minfo[39m [32mverified[39m [1m21[22m [32mpieces and received[39m [1m0[22m [32minvalid pieces[39m
[33minfo[39m [32mpeer queue size is[39m [1m0[22m
                                                                                
[32mPress SPACE to pause download or CTRL+L to open download location[39m

                                                                                
[32mopen[39m [1mvlc[22m [32mand enter[39m [1mhttp://192.168.88.11:57809/[22m [32mas the network address[39m

[33minfo[39m [32mstreaming[39m [1mBetter.Call.Saul.S06E11.NF.WEB-DL.720p.x264-NTb.mkv (1.7GB)[22m [32m-[39m [1m0.0B/s[22m [32mfrom[39m [1m0/0[22m [32mpeers[39m    
[33minfo[39m [32mpath[39m [36m/tmp/torrent-stream/034ce7c5debe803ba94ac227900e88c366cd8807[39m
[33minfo[39m [32mdownloaded[39m [1m0.0B[22m (0%) [32mand uploaded [39m[1m0.0B[22m [32min [39m[1m3s[22m [32mwith[39m [1m0[22m [32mhotswaps[39m     
[33minfo[39m [32mverified[39m [1m21[22m [32mpieces and received[39m [1m0[22m [32minvalid pieces[39m
[33minfo[39m [32mpeer queue size is[39m [1m0[22m
                                                                                
[32mPress SPACE to pause download or CTRL+L to open download location[39m

                                                                                
[32mopen[39m [1mvlc[22m [32mand enter[39m [1mhttp://192.168.88.11:57809/[22m [32mas the network address[39m

[33minfo[39m [32mstreaming[39m [1mBetter.Call.Saul.S06E11.NF.WEB-DL.720p.x264-NTb.mkv (1.7GB)[22m [32m-[39m [1m0.0B/s[22m [32mfrom[39m [1m0/0[22m [32mpeers[39m    
[33minfo[39m [32mpath[39m [36m/tmp/torrent-stream/034ce7c5debe803ba94ac227900e88c366cd8807[39m
[33minfo[39m [32mdownloaded[39m [1m0.0B[22m (0%) [32mand uploaded [39m[1m0.0B[22m [32min [39m[1m4s[22m [32mwith[39m [1m0[22m [32mhotswaps[39m     
[33minfo[39m [32mverified[39m [1m21[22m [32mpieces and received[39m [1m0[22m [32minvalid pieces[39m
[33minfo[39m [32mpeer queue size is[39m [1m0[22m
                                                                                
[32mPress SPACE to pause download or CTRL+L to open download location[39m

                                                                                
[32mopen[39m [1mvlc[22m [32mand enter[39m [1mhttp://192.168.88.11:57809/[22m [32mas the network address[39m

[33minfo[39m [32mstreaming[39m [1mBetter.Call.Saul.S06E11.NF.WEB-DL.720p.x264-NTb.mkv (1.7GB)[22m [32m-[39m [1m0.0B/s[22m [32mfrom[39m [1m0/0[22m [32mpeers[39m    
[33minfo[39m [32mpath[39m [36m/tmp/torrent-stream/034ce7c5debe803ba94ac227900e88c366cd8807[39m
[33minfo[39m [32mdownloaded[39m [1m0.0B[22m (0%) [32mand uploaded [39m[1m0.0B[22m [32min [39m[1m4s[22m [32mwith[39m [1m0[22m [32mhotswaps[39m     
[33minfo[39m [32mverified[39m [1m21[22m [32mpieces and received[39m [1m0[22m [32minvalid pieces[39m
[33minfo[39m [32mpeer queue size is[39m [1m0[22m
                                                                                
[32mPress SPACE to pause download or CTRL+L to open download location[39m

                                                                                
[32mopen[39m [1mvlc[22m [32mand enter[39m [1mhttp://192.168.88.11:57809/[22m [32mas the network address[39m

[33minfo[39m [32mstreaming[39m [1mBetter.Call.Saul.S06E11.NF.WEB-DL.720p.x264-NTb.mkv (1.7GB)[22m [32m-[39m [1m0.0B/s[22m [32mfrom[39m [1m0/0[22m [32mpeers[39m    
[33minfo[39m [32mpath[39m [36m/tmp/torrent-stream/034ce7c5debe803ba94ac227900e88c366cd8807[39m
[33minfo[39m [32mdownloaded[39m [1m0.0B[22m (0%) [32mand uploaded [39m[1m0.0B[22m [32min [39m[1m5s[22m [32mwith[39m [1m0[22m [32mhotswaps[39m     
[33minfo[39m [32mverified[39m [1m21[22m [32mpieces and received[39m [1m0[22m [32minvalid pieces[39m
[33minfo[39m [32mpeer queue size is[39m [1m0[22m
                                                                                
[32mPress SPACE to pause download or CTRL+L to open download location[39m

                                                                                
[32mopen[39m [1mvlc[22m [32mand enter[39m [1mhttp://192.168.88.11:57809/[22m [32mas the network address[39m

[33minfo[39m [32mstreaming[39m [1mBetter.Call.Saul.S06E11.NF.WEB-DL.720p.x264-NTb.mkv (1.7GB)[22m [32m-[39m [1m0.0B/s[22m [32mfrom[39m [1m0/0[22m [32mpeers[39m    
[33minfo[39m [32mpath[39m [36m/tmp/torrent-stream/034ce7c5debe803ba94ac227900e88c366cd8807[39m
[33minfo[39m [32mdownloaded[39m [1m0.0B[22m (0%) [32mand uploaded [39m[1m0.0B[22m [32min [39m[1m5s[22m [32mwith[39m [1m0[22m [32mhotswaps[39m     
[33minfo[39m [32mverified[39m [1m21[22m [32mpieces and received[39m [1m0[22m [32minvalid pieces[39m
[33minfo[39m [32mpeer queue size is[39m [1m0[22m
                                                                                
[32mPress SPACE to pause download or CTRL+L to open download location[39m

                                                                                
