[33mVerifying downloaded:[39m 0%
[H[2J[32mopen[39m [1mvlc[22m [32mand enter[39m [1mhttp://192.168.88.11:60461/[22m [32mas the network address[39m

[33minfo[39m [32mstreaming[39m [1mWednesday.S01E04.HDR.1080p.WEB-DL.H265.HEVC.mkv (1.7GB)[22m [32m-[39m [1m0.0B/s[22m [32mfrom[39m [1m2/12[22m [32mpeers[39m    
[33minfo[39m [32mpath[39m [36m/tmp/torrent-stream/8230959aa8fd7f06de8a428e5b2075d4ae978917[39m
[33minfo[39m [32mdownloaded[39m [1m0.0B[22m (0%) [32mand uploaded [39m[1m0.0B[22m [32min [39m[1m0s[22m [32mwith[39m [1m0[22m [32mhotswaps[39m     
[33minfo[39m [32mverified[39m [1m0[22m [32mpieces and received[39m [1m0[22m [32minvalid pieces[39m
[33minfo[39m [32mpeer queue size is[39m [1m38[22m
                                                                                
[32mPress SPACE to pause download or CTRL+L to open download location[39m

[35m5.167.243.197:60465      [39m 0.0B       0.0B/s     choked            
                                                                                
... and 11 more     
                                                                                
[32mopen[39m [1mvlc[22m [32mand enter[39m [1mhttp://192.168.88.11:60461/[22m [32mas the network address[39m

[33minfo[39m [32mstreaming[39m [1mWednesday.S01E04.HDR.1080p.WEB-DL.H265.HEVC.mkv (1.7GB)[22m [32m-[39m [1m204.8KB/s[22m [32mfrom[39m [1m5/16[22m [32mpeers[39m    
[33minfo[39m [32mpath[39m [36m/tmp/torrent-stream/8230959aa8fd7f06de8a428e5b2075d4ae978917[39m
[33minfo[39m [32mdownloaded[39m [1m409.6KB[22m (0%) [32mand uploaded [39m[1m0.0B[22m [32min [39m[1m1s[22m [32mwith[39m [1m0[22m [32mhotswaps[39m     
[33minfo[39m [32mverified[39m [1m0[22m [32mpieces and received[39m [1m0[22m [32minvalid pieces[39m
[33minfo[39m [32mpeer queue size is[39m [1m37[22m
                                                                                
[32mPress SPACE to pause download or CTRL+L to open download location[39m

[35m5.167.243.197:60465      [39m 0.0B       0.0B/s     choked            
                                                                                
... and 15 more     
                                                                                
[32mopen[39m [1mvlc[22m [32mand enter[39m [1mhttp://192.168.88.11:60461/[22m [32mas the network address[39m

[33minfo[39m [32mstreaming[39m [1mWednesday.S01E04.HDR.1080p.WEB-DL.H265.HEVC.mkv (1.7GB)[22m [32m-[39m [1m976.5KB/s[22m [32mfrom[39m [1m13/16[22m [32mpeers[39m    
[33minfo[39m [32mpath[39m [36m/tmp/torrent-stream/8230959aa8fd7f06de8a428e5b2075d4ae978917[39m
[33minfo[39m [32mdownloaded[39m [1m2.4MB[22m (0%) [32mand uploaded [39m[1m0.0B[22m [32min [39m[1m1s[22m [32mwith[39m [1m0[22m [32mhotswaps[39m     
[33minfo[39m [32mverified[39m [1m0[22m [32mpieces and received[39m [1m0[22m [32minvalid pieces[39m
[33minfo[39m [32mpeer queue size is[39m [1m37[22m
                                                                                
[32mPress SPACE to pause download or CTRL+L to open download location[39m

[35m5.167.243.197:60465      [39m 163.8KB    93.6KB/s                     
                                                                                
... and 15 more     
                                                                                
[32mopen[39m [1mvlc[22m [32mand enter[39m [1mhttp://192.168.88.11:60461/[22m [32mas the network address[39m

[33minfo[39m [32mstreaming[39m [1mWednesday.S01E04.HDR.1080p.WEB-DL.H265.HEVC.mkv (1.7GB)[22m [32m-[39m [1m1.3MB/s[22m [32mfrom[39m [1m13/16[22m [32mpeers[39m    
[33minfo[39m [32mpath[39m [36m/tmp/torrent-stream/8230959aa8fd7f06de8a428e5b2075d4ae978917[39m
[33minfo[39m [32mdownloaded[39m [1m3.9MB[22m (0%) [32mand uploaded [39m[1m0.0B[22m [32min [39m[1m2s[22m [32mwith[39m [1m0[22m [32mhotswaps[39m     
[33minfo[39m [32mverified[39m [1m0[22m [32mpieces and received[39m [1m0[22m [32minvalid pieces[39m
[33minfo[39m [32mpeer queue size is[39m [1m37[22m
                                                                                
[32mPress SPACE to pause download or CTRL+L to open download location[39m

[35m5.167.243.197:60465      [39m 278.5KB    123.8KB/s                    
                                                                                
... and 15 more     
                                                                                
[32mopen[39m [1mvlc[22m [32mand enter[39m [1mhttp://192.168.88.11:60461/[22m [32mas the network address[39m

[33minfo[39m [32mstreaming[39m [1mWednesday.S01E04.HDR.1080p.WEB-DL.H265.HEVC.mkv (1.7GB)[22m [32m-[39m [1m2.1MB/s[22m [32mfrom[39m [1m13/16[22m [32mpeers[39m    
[33minfo[39m [32mpath[39m [36m/tmp/torrent-stream/8230959aa8fd7f06de8a428e5b2075d4ae978917[39m
[33minfo[39m [32mdownloaded[39m [1m7.4MB[22m (0%) [32mand uploaded [39m[1m0.0B[22m [32min [39m[1m2s[22m [32mwith[39m [1m0[22m [32mhotswaps[39m     
[33minfo[39m [32mverified[39m [1m1[22m [32mpieces and received[39m [1m0[22m [32minvalid pieces[39m
[33minfo[39m [32mpeer queue size is[39m [1m110[22m
                                                                                
[32mPress SPACE to pause download or CTRL+L to open download location[39m

[35m5.167.243.197:60465      [39m 655.4KB    238.3KB/s                    
                                                                                
... and 15 more     
                                                                                
[32mopen[39m [1mvlc[22m [32mand enter[39m [1mhttp://192.168.88.11:60461/[22m [32mas the network address[39m

[33minfo[39m [32mstreaming[39m [1mWednesday.S01E04.HDR.1080p.WEB-DL.H265.HEVC.mkv (1.7GB)[22m [32m-[39m [1m2.5MB/s[22m [32mfrom[39m [1m13/16[22m [32mpeers[39m    
[33minfo[39m [32mpath[39m [36m/tmp/torrent-stream/8230959aa8fd7f06de8a428e5b2075d4ae978917[39m
[33minfo[39m [32mdownloaded[39m [1m10.0MB[22m (0%) [32mand uploaded [39m[1m0.0B[22m [32min [39m[1m3s[22m [32mwith[39m [1m0[22m [32mhotswaps[39m     
[33minfo[39m [32mverified[39m [1m1[22m [32mpieces and received[39m [1m0[22m [32minvalid pieces[39m
[33minfo[39m [32mpeer queue size is[39m [1m106[22m
                                                                                
[32mPress SPACE to pause download or CTRL+L to open download location[39m

[35m5.167.243.197:60465      [39m 917.5KB    282.3KB/s                    
                                                                                
... and 15 more     
                                                                                
[32mopen[39m [1mvlc[22m [32mand enter[39m [1mhttp://192.168.88.11:60461/[22m [32mas the network address[39m

[33minfo[39m [32mstreaming[39m [1mWednesday.S01E04.HDR.1080p.WEB-DL.H265.HEVC.mkv (1.7GB)[22m [32m-[39m [1m3.1MB/s[22m [32mfrom[39m [1m13/19[22m [32mpeers[39m    
[33minfo[39m [32mpath[39m [36m/tmp/torrent-stream/8230959aa8fd7f06de8a428e5b2075d4ae978917[39m
[33minfo[39m [32mdownloaded[39m [1m13.7MB[22m (0%) [32mand uploaded [39m[1m0.0B[22m [32min [39m[1m3s[22m [32mwith[39m [1m0[22m [32mhotswaps[39m     
[33minfo[39m [32mverified[39m [1m2[22m [32mpieces and received[39m [1m0[22m [32minvalid pieces[39m
[33minfo[39m [32mpeer queue size is[39m [1m8[22m
                                                                                
[32mPress SPACE to pause download or CTRL+L to open download location[39m

[35m5.167.243.197:60465      [39m 1.2MB      332.0KB/s                    
                                                                                
... and 18 more     
                                                                                
[32mopen[39m [1mvlc[22m [32mand enter[39m [1mhttp://192.168.88.11:60461/[22m [32mas the network address[39m

[33minfo[39m [32mstreaming[39m [1mWednesday.S01E04.HDR.1080p.WEB-DL.H265.HEVC.mkv (1.7GB)[22m [32m-[39m [1m3.6MB/s[22m [32mfrom[39m [1m15/26[22m [32mpeers[39m    
[33minfo[39m [32mpath[39m [36m/tmp/torrent-stream/8230959aa8fd7f06de8a428e5b2075d4ae978917[39m
[33minfo[39m [32mdownloaded[39m [1m17.8MB[22m (0%) [32mand uploaded [39m[1m0.0B[22m [32min [39m[1m4s[22m [32mwith[39m [1m0[22m [32mhotswaps[39m     
[33minfo[39m [32mverified[39m [1m3[22m [32mpieces and received[39m [1m0[22m [32minvalid pieces[39m
[33minfo[39m [32mpeer queue size is[39m [1m6[22m
                                                                                
[32mPress SPACE to pause download or CTRL+L to open download location[39m

[35m5.167.243.197:60465      [39m 1.6MB      373.9KB/s                    
                                                                                
... and 25 more     
                                                                                
[32mopen[39m [1mvlc[22m [32mand enter[39m [1mhttp://192.168.88.11:60461/[22m [32mas the network address[39m

[33minfo[39m [32mstreaming[39m [1mWednesday.S01E04.HDR.1080p.WEB-DL.H265.HEVC.mkv (1.7GB)[22m [32m-[39m [1m4.3MB/s[22m [32mfrom[39m [1m16/26[22m [32mpeers[39m    
[33minfo[39m [32mpath[39m [36m/tmp/torrent-stream/8230959aa8fd7f06de8a428e5b2075d4ae978917[39m
[33minfo[39m [32mdownloaded[39m [1m21.7MB[22m (0%) [32mand uploaded [39m[1m0.0B[22m [32min [39m[1m4s[22m [32mwith[39m [1m0[22m [32mhotswaps[39m     
[33minfo[39m [32mverified[39m [1m3[22m [32mpieces and received[39m [1m0[22m [32minvalid pieces[39m
[33minfo[39m [32mpeer queue size is[39m [1m6[22m
                                                                                
[32mPress SPACE to pause download or CTRL+L to open download location[39m

[35m5.167.243.197:60465      [39m 1.9MB      396.7KB/s                    
                                                                                
... and 25 more     
                                                                                
[32mopen[39m [1mvlc[22m [32mand enter[39m [1mhttp://192.168.88.11:60461/[22m [32mas the network address[39m

[33minfo[39m [32mstreaming[39m [1mWednesday.S01E04.HDR.1080p.WEB-DL.H265.HEVC.mkv (1.7GB)[22m [32m-[39m [1m5.3MB/s[22m [32mfrom[39m [1m16/25[22m [32mpeers[39m    
[33minfo[39m [32mpath[39m [36m/tmp/torrent-stream/8230959aa8fd7f06de8a428e5b2075d4ae978917[39m
[33minfo[39m [32mdownloaded[39m [1m26.6MB[22m (0%) [32mand uploaded [39m[1m0.0B[22m [32min [39m[1m5s[22m [32mwith[39m [1m0[22m [32mhotswaps[39m     
[33minfo[39m [32mverified[39m [1m4[22m [32mpieces and received[39m [1m0[22m [32minvalid pieces[39m
[33minfo[39m [32mpeer queue size is[39m [1m5[22m
                                                                                
[32mPress SPACE to pause download or CTRL+L to open download location[39m

[35m5.167.243.197:60465      [39m 2.2MB      421.3KB/s                    
                                                                                
... and 24 more     
                                                                                
[32mopen[39m [1mvlc[22m [32mand enter[39m [1mhttp://192.168.88.11:60461/[22m [32mas the network address[39m

[33minfo[39m [32mstreaming[39m [1mWednesday.S01E04.HDR.1080p.WEB-DL.H265.HEVC.mkv (1.7GB)[22m [32m-[39m [1m5.7MB/s[22m [32mfrom[39m [1m17/25[22m [32mpeers[39m    
[33minfo[39m [32mpath[39m [36m/tmp/torrent-stream/8230959aa8fd7f06de8a428e5b2075d4ae978917[39m
[33minfo[39m [32mdownloaded[39m [1m28.5MB[22m (0%) [32mand uploaded [39m[1m0.0B[22m [32min [39m[1m5s[22m [32mwith[39m [1m0[22m [32mhotswaps[39m     
[33minfo[39m [32mverified[39m [1m5[22m [32mpieces and received[39m [1m0[22m [32minvalid pieces[39m
[33minfo[39m [32mpeer queue size is[39m [1m3[22m
                                                                                
[32mPress SPACE to pause download or CTRL+L to open download location[39m

[35m5.167.243.197:60465      [39m 2.3MB      396.1KB/s                    
                                                                                
... and 24 more     
                                                                                
[32mopen[39m [1mvlc[22m [32mand enter[39m [1mhttp://192.168.88.11:60461/[22m [32mas the network address[39m

[33minfo[39m [32mstreaming[39m [1mWednesday.S01E04.HDR.1080p.WEB-DL.H265.HEVC.mkv (1.7GB)[22m [32m-[39m [1m6.2MB/s[22m [32mfrom[39m [1m17/25[22m [32mpeers[39m    
[33minfo[39m [32mpath[39m [36m/tmp/torrent-stream/8230959aa8fd7f06de8a428e5b2075d4ae978917[39m
[33minfo[39m [32mdownloaded[39m [1m33.0MB[22m (0%) [32mand uploaded [39m[1m0.0B[22m [32min [39m[1m6s[22m [32mwith[39m [1m1[22m [32mhotswaps[39m     
[33minfo[39m [32mverified[39m [1m5[22m [32mpieces and received[39m [1m0[22m [32minvalid pieces[39m
[33minfo[39m [32mpeer queue size is[39m [1m3[22m
                                                                                
[32mPress SPACE to pause download or CTRL+L to open download location[39m

[35m5.167.243.197:60465      [39m 2.7MB      427.3KB/s                    
                                                                                
... and 24 more     
                                                                                
[32mopen[39m [1mvlc[22m [32mand enter[39m [1mhttp://192.168.88.11:60461/[22m [32mas the network address[39m

[33minfo[39m [32mstreaming[39m [1mWednesday.S01E04.HDR.1080p.WEB-DL.H265.HEVC.mkv (1.7GB)[22m [32m-[39m [1m6.6MB/s[22m [32mfrom[39m [1m17/26[22m [32mpeers[39m    
[33minfo[39m [32mpath[39m [36m/tmp/torrent-stream/8230959aa8fd7f06de8a428e5b2075d4ae978917[39m
[33minfo[39m [32mdownloaded[39m [1m36.5MB[22m (0%) [32mand uploaded [39m[1m0.0B[22m [32min [39m[1m6s[22m [32mwith[39m [1m1[22m [32mhotswaps[39m     
[33minfo[39m [32mverified[39m [1m7[22m [32mpieces and received[39m [1m0[22m [32minvalid pieces[39m
[33minfo[39m [32mpeer queue size is[39m [1m0[22m
                                                                                
[32mPress SPACE to pause download or CTRL+L to open download location[39m

[35m5.167.243.197:60465      [39m 3.0MB      439.3KB/s                    
                                                                                
... and 25 more     
                                                                                
[32mopen[39m [1mvlc[22m [32mand enter[39m [1mhttp://192.168.88.11:60461/[22m [32mas the network address[39m

[33minfo[39m [32mstreaming[39m [1mWednesday.S01E04.HDR.1080p.WEB-DL.H265.HEVC.mkv (1.7GB)[22m [32m-[39m [1m6.3MB/s[22m [32mfrom[39m [1m17/26[22m [32mpeers[39m    
[33minfo[39m [32mpath[39m [36m/tmp/torrent-stream/8230959aa8fd7f06de8a428e5b2075d4ae978917[39m
[33minfo[39m [32mdownloaded[39m [1m38.5MB[22m (0%) [32mand uploaded [39m[1m0.0B[22m [32min [39m[1m7s[22m [32mwith[39m [1m1[22m [32mhotswaps[39m     
[33minfo[39m [32mverified[39m [1m7[22m [32mpieces and received[39m [1m0[22m [32minvalid pieces[39m
[33minfo[39m [32mpeer queue size is[39m [1m0[22m
                                                                                
[32mPress SPACE to pause download or CTRL+L to open download location[39m

[35m5.167.243.197:60465      [39m 3.0MB      420.3KB/s                    
                                                                                
... and 25 more     
                                                                                
[32mopen[39m [1mvlc[22m [32mand enter[39m [1mhttp://192.168.88.11:60461/[22m [32mas the network address[39m

[33minfo[39m [32mstreaming[39m [1mWednesday.S01E04.HDR.1080p.WEB-DL.H265.HEVC.mkv (1.7GB)[22m [32m-[39m [1m6.6MB/s[22m [32mfrom[39m [1m18/26[22m [32mpeers[39m    
[33minfo[39m [32mpath[39m [36m/tmp/torrent-stream/8230959aa8fd7f06de8a428e5b2075d4ae978917[39m
[33minfo[39m [32mdownloaded[39m [1m42.3MB[22m (0%) [32mand uploaded [39m[1m0.0B[22m [32min [39m[1m7s[22m [32mwith[39m [1m1[22m [32mhotswaps[39m     
[33minfo[39m [32mverified[39m [1m7[22m [32mpieces and received[39m [1m0[22m [32minvalid pieces[39m
[33minfo[39m [32mpeer queue size is[39m [1m0[22m
                                                                                
[32mPress SPACE to pause download or CTRL+L to open download location[39m

[35m5.167.243.197:60465      [39m 3.4MB      441.8KB/s                    
                                                                                
... and 25 more     
                                                                                
[32mopen[39m [1mvlc[22m [32mand enter[39m [1mhttp://192.168.88.11:60461/[22m [32mas the network address[39m

[33minfo[39m [32mstreaming[39m [1mWednesday.S01E04.HDR.1080p.WEB-DL.H265.HEVC.mkv (1.7GB)[22m [32m-[39m [1m6.4MB/s[22m [32mfrom[39m [1m19/26[22m [32mpeers[39m    
[33minfo[39m [32mpath[39m [36m/tmp/torrent-stream/8230959aa8fd7f06de8a428e5b2075d4ae978917[39m
[33minfo[39m [32mdownloaded[39m [1m45.0MB[22m (0%) [32mand uploaded [39m[1m0.0B[22m [32min [39m[1m8s[22m [32mwith[39m [1m1[22m [32mhotswaps[39m     
[33minfo[39m [32mverified[39m [1m9[22m [32mpieces and received[39m [1m0[22m [32minvalid pieces[39m
[33minfo[39m [32mpeer queue size is[39m [1m0[22m
                                                                                
[32mPress SPACE to pause download or CTRL+L to open download location[39m

[35m5.167.243.197:60465      [39m 3.7MB      450.8KB/s                    
                                                                                
... and 25 more     
                                                                                
[32mopen[39m [1mvlc[22m [32mand enter[39m [1mhttp://192.168.88.11:60461/[22m [32mas the network address[39m

[33minfo[39m [32mstreaming[39m [1mWednesday.S01E04.HDR.1080p.WEB-DL.H265.HEVC.mkv (1.7GB)[22m [32m-[39m [1m6.0MB/s[22m [32mfrom[39m [1m19/27[22m [32mpeers[39m    
[33minfo[39m [32mpath[39m [36m/tmp/torrent-stream/8230959aa8fd7f06de8a428e5b2075d4ae978917[39m
[33minfo[39m [32mdownloaded[39m [1m47.3MB[22m (0%) [32mand uploaded [39m[1m0.0B[22m [32min [39m[1m8s[22m [32mwith[39m [1m1[22m [32mhotswaps[39m     
[33minfo[39m [32mverified[39m [1m10[22m [32mpieces and received[39m [1m0[22m [32minvalid pieces[39m
[33minfo[39m [32mpeer queue size is[39m [1m0[22m
                                                                                
[32mPress SPACE to pause download or CTRL+L to open download location[39m

[35m5.167.243.197:60465      [39m 3.9MB      447.5KB/s                    
                                                                                
... and 26 more     
                                                                                
[32mopen[39m [1mvlc[22m [32mand enter[39m [1mhttp://192.168.88.11:60461/[22m [32mas the network address[39m

[33minfo[39m [32mstreaming[39m [1mWednesday.S01E04.HDR.1080p.WEB-DL.H265.HEVC.mkv (1.7GB)[22m [32m-[39m [1m5.7MB/s[22m [32mfrom[39m [1m20/27[22m [32mpeers[39m    
[33minfo[39m [32mpath[39m [36m/tmp/torrent-stream/8230959aa8fd7f06de8a428e5b2075d4ae978917[39m
[33minfo[39m [32mdownloaded[39m [1m49.1MB[22m (0%) [32mand uploaded [39m[1m0.0B[22m [32min [39m[1m9s[22m [32mwith[39m [1m1[22m [32mhotswaps[39m     
[33minfo[39m [32mverified[39m [1m10[22m [32mpieces and received[39m [1m0[22m [32minvalid pieces[39m
[33minfo[39m [32mpeer queue size is[39m [1m0[22m
                                                                                
[32mPress SPACE to pause download or CTRL+L to open download location[39m

[35m5.167.243.197:60465      [39m 4.0MB      437.5KB/s                    
                                                                                
... and 26 more     
                                                                                
[32mopen[39m [1mvlc[22m [32mand enter[39m [1mhttp://192.168.88.11:60461/[22m [32mas the network address[39m

[33minfo[39m [32mstreaming[39m [1mWednesday.S01E04.HDR.1080p.WEB-DL.H265.HEVC.mkv (1.7GB)[22m [32m-[39m [1m4.9MB/s[22m [32mfrom[39m [1m20/27[22m [32mpeers[39m    
[33minfo[39m [32mpath[39m [36m/tmp/torrent-stream/8230959aa8fd7f06de8a428e5b2075d4ae978917[39m
[33minfo[39m [32mdownloaded[39m [1m50.1MB[22m (0%) [32mand uploaded [39m[1m0.0B[22m [32min [39m[1m9s[22m [32mwith[39m [1m1[22m [32mhotswaps[39m     
[33minfo[39m [32mverified[39m [1m11[22m [32mpieces and received[39m [1m0[22m [32minvalid pieces[39m
[33minfo[39m [32mpeer queue size is[39m [1m0[22m
                                                                                
[32mPress SPACE to pause download or CTRL+L to open download location[39m

[35m5.167.243.197:60465      [39m 4.0MB      415.1KB/s                    
                                                                                
... and 26 more     
                                                                                
[32mopen[39m [1mvlc[22m [32mand enter[39m [1mhttp://192.168.88.11:60461/[22m [32mas the network address[39m

[33minfo[39m [32mstreaming[39m [1mWednesday.S01E04.HDR.1080p.WEB-DL.H265.HEVC.mkv (1.7GB)[22m [32m-[39m [1m4.7MB/s[22m [32mfrom[39m [1m21/27[22m [32mpeers[39m    
[33minfo[39m [32mpath[39m [36m/tmp/torrent-stream/8230959aa8fd7f06de8a428e5b2075d4ae978917[39m
[33minfo[39m [32mdownloaded[39m [1m51.5MB[22m (0%) [32mand uploaded [39m[1m0.0B[22m [32min [39m[1m10s[22m [32mwith[39m [1m1[22m [32mhotswaps[39m     
[33minfo[39m [32mverified[39m [1m11[22m [32mpieces and received[39m [1m0[22m [32minvalid pieces[39m
[33minfo[39m [32mpeer queue size is[39m [1m0[22m
                                                                                
[32mPress SPACE to pause download or CTRL+L to open download location[39m

[35m5.167.243.197:60465      [39m 4.1MB      406.3KB/s                    
                                                                                
... and 26 more     
                                                                                
[32mopen[39m [1mvlc[22m [32mand enter[39m [1mhttp://192.168.88.11:60461/[22m [32mas the network address[39m

[33minfo[39m [32mstreaming[39m [1mWednesday.S01E04.HDR.1080p.WEB-DL.H265.HEVC.mkv (1.7GB)[22m [32m-[39m [1m4.2MB/s[22m [32mfrom[39m [1m22/27[22m [32mpeers[39m    
[33minfo[39m [32mpath[39m [36m/tmp/torrent-stream/8230959aa8fd7f06de8a428e5b2075d4ae978917[39m
[33minfo[39m [32mdownloaded[39m [1m53.0MB[22m (0%) [32mand uploaded [39m[1m0.0B[22m [32min [39m[1m10s[22m [32mwith[39m [1m1[22m [32mhotswaps[39m     
[33minfo[39m [32mverified[39m [1m11[22m [32mpieces and received[39m [1m0[22m [32minvalid pieces[39m
[33minfo[39m [32mpeer queue size is[39m [1m0[22m
                                                                                
[32mPress SPACE to pause download or CTRL+L to open download location[39m

[35m5.167.243.197:60465      [39m 4.2MB      421.1KB/s                    
                                                                                
... and 26 more     
                                                                                
[32mopen[39m [1mvlc[22m [32mand enter[39m [1mhttp://192.168.88.11:60461/[22m [32mas the network address[39m

[33minfo[39m [32mstreaming[39m [1mWednesday.S01E04.HDR.1080p.WEB-DL.H265.HEVC.mkv (1.7GB)[22m [32m-[39m [1m4.0MB/s[22m [32mfrom[39m [1m22/27[22m [32mpeers[39m    
[33minfo[39m [32mpath[39m [36m/tmp/torrent-stream/8230959aa8fd7f06de8a428e5b2075d4ae978917[39m
[33minfo[39m [32mdownloaded[39m [1m55.9MB[22m (0%) [32mand uploaded [39m[1m0.0B[22m [32min [39m[1m11s[22m [32mwith[39m [1m1[22m [32mhotswaps[39m     
[33minfo[39m [32mverified[39m [1m11[22m [32mpieces and received[39m [1m0[22m [32minvalid pieces[39m
[33minfo[39m [32mpeer queue size is[39m [1m0[22m
                                                                                
[32mPress SPACE to pause download or CTRL+L to open download location[39m

[35m5.167.243.197:60465      [39m 4.5MB      437.5KB/s                    
                                                                                
... and 26 more     
                                                                                
[32mopen[39m [1mvlc[22m [32mand enter[39m [1mhttp://192.168.88.11:60461/[22m [32mas the network address[39m

[33minfo[39m [32mstreaming[39m [1mWednesday.S01E04.HDR.1080p.WEB-DL.H265.HEVC.mkv (1.7GB)[22m [32m-[39m [1m4.0MB/s[22m [32mfrom[39m [1m22/27[22m [32mpeers[39m    
[33minfo[39m [32mpath[39m [36m/tmp/torrent-stream/8230959aa8fd7f06de8a428e5b2075d4ae978917[39m
[33minfo[39m [32mdownloaded[39m [1m58.3MB[22m (0%) [32mand uploaded [39m[1m0.0B[22m [32min [39m[1m11s[22m [32mwith[39m [1m1[22m [32mhotswaps[39m     
[33minfo[39m [32mverified[39m [1m11[22m [32mpieces and received[39m [1m0[22m [32minvalid pieces[39m
[33minfo[39m [32mpeer queue size is[39m [1m0[22m
                                                                                
[32mPress SPACE to pause download or CTRL+L to open download location[39m

[35m5.167.243.197:60465      [39m 4.6MB      444.0KB/s                    
                                                                                
... and 26 more     
                                                                                
[32mopen[39m [1mvlc[22m [32mand enter[39m [1mhttp://192.168.88.11:60461/[22m [32mas the network address[39m

[33minfo[39m [32mstreaming[39m [1mWednesday.S01E04.HDR.1080p.WEB-DL.H265.HEVC.mkv (1.7GB)[22m [32m-[39m [1m3.8MB/s[22m [32mfrom[39m [1m22/27[22m [32mpeers[39m    
[33minfo[39m [32mpath[39m [36m/tmp/torrent-stream/8230959aa8fd7f06de8a428e5b2075d4ae978917[39m
[33minfo[39m [32mdownloaded[39m [1m60.6MB[22m (0%) [32mand uploaded [39m[1m0.0B[22m [32min [39m[1m12s[22m [32mwith[39m [1m1[22m [32mhotswaps[39m     
[33minfo[39m [32mverified[39m [1m12[22m [32mpieces and received[39m [1m0[22m [32minvalid pieces[39m
[33minfo[39m [32mpeer queue size is[39m [1m0[22m
                                                                                
[32mPress SPACE to pause download or CTRL+L to open download location[39m

[35m5.167.243.197:60465      [39m 4.8MB      422.7KB/s                    
                                                                                
... and 26 more     
                                                                                
[32mopen[39m [1mvlc[22m [32mand enter[39m [1mhttp://192.168.88.11:60461/[22m [32mas the network address[39m

[33minfo[39m [32mstreaming[39m [1mWednesday.S01E04.HDR.1080p.WEB-DL.H265.HEVC.mkv (1.7GB)[22m [32m-[39m [1m3.6MB/s[22m [32mfrom[39m [1m23/27[22m [32mpeers[39m    
[33minfo[39m [32mpath[39m [36m/tmp/torrent-stream/8230959aa8fd7f06de8a428e5b2075d4ae978917[39m
[33minfo[39m [32mdownloaded[39m [1m62.8MB[22m (0%) [32mand uploaded [39m[1m0.0B[22m [32min [39m[1m12s[22m [32mwith[39m [1m1[22m [32mhotswaps[39m     
[33minfo[39m [32mverified[39m [1m13[22m [32mpieces and received[39m [1m0[22m [32minvalid pieces[39m
[33minfo[39m [32mpeer queue size is[39m [1m0[22m
                                                                                
[32mPress SPACE to pause download or CTRL+L to open download location[39m

[35m5.167.243.197:60465      [39m 5.0MB      416.2KB/s                    
                                                                                
... and 26 more     
                                                                                
[32mopen[39m [1mvlc[22m [32mand enter[39m [1mhttp://192.168.88.11:60461/[22m [32mas the network address[39m

[33minfo[39m [32mstreaming[39m [1mWednesday.S01E04.HDR.1080p.WEB-DL.H265.HEVC.mkv (1.7GB)[22m [32m-[39m [1m3.6MB/s[22m [32mfrom[39m [1m23/26[22m [32mpeers[39m    
[33minfo[39m [32mpath[39m [36m/tmp/torrent-stream/8230959aa8fd7f06de8a428e5b2075d4ae978917[39m
[33minfo[39m [32mdownloaded[39m [1m64.8MB[22m (0%) [32mand uploaded [39m[1m0.0B[22m [32min [39m[1m13s[22m [32mwith[39m [1m1[22m [32mhotswaps[39m     
[33minfo[39m [32mverified[39m [1m13[22m [32mpieces and received[39m [1m0[22m [32minvalid pieces[39m
[33minfo[39m [32mpeer queue size is[39m [1m0[22m
                                                                                
[32mPress SPACE to pause download or CTRL+L to open download location[39m

[35m5.167.243.197:60465      [39m 5.0MB      381.7KB/s                    
                                                                                
... and 25 more     
                                                                                
[32mopen[39m [1mvlc[22m [32mand enter[39m [1mhttp://192.168.88.11:60461/[22m [32mas the network address[39m

[33minfo[39m [32mstreaming[39m [1mWednesday.S01E04.HDR.1080p.WEB-DL.H265.HEVC.mkv (1.7GB)[22m [32m-[39m [1m3.7MB/s[22m [32mfrom[39m [1m23/26[22m [32mpeers[39m    
[33minfo[39m [32mpath[39m [36m/tmp/torrent-stream/8230959aa8fd7f06de8a428e5b2075d4ae978917[39m
[33minfo[39m [32mdownloaded[39m [1m67.1MB[22m (0%) [32mand uploaded [39m[1m0.0B[22m [32min [39m[1m13s[22m [32mwith[39m [1m1[22m [32mhotswaps[39m     
[33minfo[39m [32mverified[39m [1m13[22m [32mpieces and received[39m [1m0[22m [32minvalid pieces[39m
[33minfo[39m [32mpeer queue size is[39m [1m0[22m
                                                                                
[32mPress SPACE to pause download or CTRL+L to open download location[39m

[35m5.167.243.197:60465      [39m 5.1MB      358.8KB/s                    
                                                                                
... and 25 more     
                                                                                
[32mopen[39m [1mvlc[22m [32mand enter[39m [1mhttp://192.168.88.11:60461/[22m [32mas the network address[39m

[33minfo[39m [32mstreaming[39m [1mWednesday.S01E04.HDR.1080p.WEB-DL.H265.HEVC.mkv (1.7GB)[22m [32m-[39m [1m3.8MB/s[22m [32mfrom[39m [1m24/27[22m [32mpeers[39m    
[33minfo[39m [32mpath[39m [36m/tmp/torrent-stream/8230959aa8fd7f06de8a428e5b2075d4ae978917[39m
[33minfo[39m [32mdownloaded[39m [1m69.1MB[22m (0%) [32mand uploaded [39m[1m0.0B[22m [32min [39m[1m14s[22m [32mwith[39m [1m1[22m [32mhotswaps[39m     
[33minfo[39m [32mverified[39m [1m14[22m [32mpieces and received[39m [1m0[22m [32minvalid pieces[39m
[33minfo[39m [32mpeer queue size is[39m [1m0[22m
                                                                                
[32mPress SPACE to pause download or CTRL+L to open download location[39m

[35m5.167.243.197:60465      [39m 5.2MB      337.5KB/s                    
                                                                                
... and 26 more     
                                                                                
[32mopen[39m [1mvlc[22m [32mand enter[39m [1mhttp://192.168.88.11:60461/[22m [32mas the network address[39m

[33minfo[39m [32mstreaming[39m [1mWednesday.S01E04.HDR.1080p.WEB-DL.H265.HEVC.mkv (1.7GB)[22m [32m-[39m [1m4.0MB/s[22m [32mfrom[39m [1m25/27[22m [32mpeers[39m    
[33minfo[39m [32mpath[39m [36m/tmp/torrent-stream/8230959aa8fd7f06de8a428e5b2075d4ae978917[39m
[33minfo[39m [32mdownloaded[39m [1m71.2MB[22m (0%) [32mand uploaded [39m[1m0.0B[22m [32min [39m[1m14s[22m [32mwith[39m [1m1[22m [32mhotswaps[39m     
[33minfo[39m [32mverified[39m [1m14[22m [32mpieces and received[39m [1m0[22m [32minvalid pieces[39m
[33minfo[39m [32mpeer queue size is[39m [1m0[22m
                                                                                
[32mPress SPACE to pause download or CTRL+L to open download location[39m

[35m5.167.243.197:60465      [39m 5.2MB      301.5KB/s                    
                                                                                
... and 26 more     
                                                                                
[32mopen[39m [1mvlc[22m [32mand enter[39m [1mhttp://192.168.88.11:60461/[22m [32mas the network address[39m

[33minfo[39m [32mstreaming[39m [1mWednesday.S01E04.HDR.1080p.WEB-DL.H265.HEVC.mkv (1.7GB)[22m [32m-[39m [1m4.1MB/s[22m [32mfrom[39m [1m25/27[22m [32mpeers[39m    
[33minfo[39m [32mpath[39m [36m/tmp/torrent-stream/8230959aa8fd7f06de8a428e5b2075d4ae978917[39m
[33minfo[39m [32mdownloaded[39m [1m73.2MB[22m (0%) [32mand uploaded [39m[1m0.0B[22m [32min [39m[1m15s[22m [32mwith[39m [1m1[22m [32mhotswaps[39m     
[33minfo[39m [32mverified[39m [1m15[22m [32mpieces and received[39m [1m0[22m [32minvalid pieces[39m
[33minfo[39m [32mpeer queue size is[39m [1m0[22m
                                                                                
[32mPress SPACE to pause download or CTRL+L to open download location[39m

[35m5.167.243.197:60465      [39m 5.4MB      314.6KB/s                    
                                                                                
... and 26 more     
                                                                                
[32mopen[39m [1mvlc[22m [32mand enter[39m [1mhttp://192.168.88.11:60461/[22m [32mas the network address[39m

[33minfo[39m [32mstreaming[39m [1mWednesday.S01E04.HDR.1080p.WEB-DL.H265.HEVC.mkv (1.7GB)[22m [32m-[39m [1m3.9MB/s[22m [32mfrom[39m [1m25/27[22m [32mpeers[39m    
[33minfo[39m [32mpath[39m [36m/tmp/torrent-stream/8230959aa8fd7f06de8a428e5b2075d4ae978917[39m
[33minfo[39m [32mdownloaded[39m [1m74.8MB[22m (0%) [32mand uploaded [39m[1m0.0B[22m [32min [39m[1m15s[22m [32mwith[39m [1m1[22m [32mhotswaps[39m     
[33minfo[39m [32mverified[39m [1m15[22m [32mpieces and received[39m [1m0[22m [32minvalid pieces[39m
[33minfo[39m [32mpeer queue size is[39m [1m0[22m
                                                                                
[32mPress SPACE to pause download or CTRL+L to open download location[39m

[35m5.167.243.197:60465      [39m 5.5MB      288.4KB/s                    
                                                                                
... and 26 more     
                                                                                
[32mopen[39m [1mvlc[22m [32mand enter[39m [1mhttp://192.168.88.11:60461/[22m [32mas the network address[39m

[33minfo[39m [32mstreaming[39m [1mWednesday.S01E04.HDR.1080p.WEB-DL.H265.HEVC.mkv (1.7GB)[22m [32m-[39m [1m3.8MB/s[22m [32mfrom[39m [1m25/27[22m [32mpeers[39m    
[33minfo[39m [32mpath[39m [36m/tmp/torrent-stream/8230959aa8fd7f06de8a428e5b2075d4ae978917[39m
[33minfo[39m [32mdownloaded[39m [1m76.6MB[22m (0%) [32mand uploaded [39m[1m0.0B[22m [32min [39m[1m16s[22m [32mwith[39m [1m1[22m [32mhotswaps[39m     
[33minfo[39m [32mverified[39m [1m16[22m [32mpieces and received[39m [1m0[22m [32minvalid pieces[39m
[33minfo[39m [32mpeer queue size is[39m [1m0[22m
                                                                                
[32mPress SPACE to pause download or CTRL+L to open download location[39m

[35m5.167.243.197:60465      [39m 5.5MB      260.5KB/s                    
                                                                                
... and 26 more     
                                                                                
[32mopen[39m [1mvlc[22m [32mand enter[39m [1mhttp://192.168.88.11:60461/[22m [32mas the network address[39m

[33minfo[39m [32mstreaming[39m [1mWednesday.S01E04.HDR.1080p.WEB-DL.H265.HEVC.mkv (1.7GB)[22m [32m-[39m [1m3.6MB/s[22m [32mfrom[39m [1m25/27[22m [32mpeers[39m    
[33minfo[39m [32mpath[39m [36m/tmp/torrent-stream/8230959aa8fd7f06de8a428e5b2075d4ae978917[39m
[33minfo[39m [32mdownloaded[39m [1m78.4MB[22m (0%) [32mand uploaded [39m[1m0.0B[22m [32min [39m[1m16s[22m [32mwith[39m [1m1[22m [32mhotswaps[39m     
[33minfo[39m [32mverified[39m [1m16[22m [32mpieces and received[39m [1m0[22m [32minvalid pieces[39m
[33minfo[39m [32mpeer queue size is[39m [1m0[22m
                                                                                
[32mPress SPACE to pause download or CTRL+L to open download location[39m

[35m5.167.243.197:60465      [39m 5.6MB      258.9KB/s                    
                                                                                
... and 26 more     
                                                                                
[32mopen[39m [1mvlc[22m [32mand enter[39m [1mhttp://192.168.88.11:60461/[22m [32mas the network address[39m

[33minfo[39m [32mstreaming[39m [1mWednesday.S01E04.HDR.1080p.WEB-DL.H265.HEVC.mkv (1.7GB)[22m [32m-[39m [1m3.5MB/s[22m [32mfrom[39m [1m25/27[22m [32mpeers[39m    
[33minfo[39m [32mpath[39m [36m/tmp/torrent-stream/8230959aa8fd7f06de8a428e5b2075d4ae978917[39m
[33minfo[39m [32mdownloaded[39m [1m80.0MB[22m (0%) [32mand uploaded [39m[1m0.0B[22m [32min [39m[1m17s[22m [32mwith[39m [1m1[22m [32mhotswaps[39m     
[33minfo[39m [32mverified[39m [1m16[22m [32mpieces and received[39m [1m0[22m [32minvalid pieces[39m
[33minfo[39m [32mpeer queue size is[39m [1m0[22m
                                                                                
[32mPress SPACE to pause download or CTRL+L to open download location[39m

[35m5.167.243.197:60465      [39m 5.8MB      249.0KB/s                    
                                                                                
... and 26 more     
                                                                                
[32mopen[39m [1mvlc[22m [32mand enter[39m [1mhttp://192.168.88.11:60461/[22m [32mas the network address[39m

[33minfo[39m [32mstreaming[39m [1mWednesday.S01E04.HDR.1080p.WEB-DL.H265.HEVC.mkv (1.7GB)[22m [32m-[39m [1m3.7MB/s[22m [32mfrom[39m [1m25/26[22m [32mpeers[39m    
[33minfo[39m [32mpath[39m [36m/tmp/torrent-stream/8230959aa8fd7f06de8a428e5b2075d4ae978917[39m
[33minfo[39m [32mdownloaded[39m [1m83.1MB[22m (0%) [32mand uploaded [39m[1m0.0B[22m [32min [39m[1m17s[22m [32mwith[39m [1m1[22m [32mhotswaps[39m     
[33minfo[39m [32mverified[39m [1m17[22m [32mpieces and received[39m [1m0[22m [32minvalid pieces[39m
[33minfo[39m [32mpeer queue size is[39m [1m0[22m
                                                                                
[32mPress SPACE to pause download or CTRL+L to open download location[39m

[35m5.167.243.197:60465      [39m 6.2MB      250.7KB/s                    
                                                                                
... and 25 more     
                                                                                
[32mopen[39m [1mvlc[22m [32mand enter[39m [1mhttp://192.168.88.11:60461/[22m [32mas the network address[39m

[33minfo[39m [32mstreaming[39m [1mWednesday.S01E04.HDR.1080p.WEB-DL.H265.HEVC.mkv (1.7GB)[22m [32m-[39m [1m3.7MB/s[22m [32mfrom[39m [1m25/26[22m [32mpeers[39m    
[33minfo[39m [32mpath[39m [36m/tmp/torrent-stream/8230959aa8fd7f06de8a428e5b2075d4ae978917[39m
[33minfo[39m [32mdownloaded[39m [1m85.4MB[22m (0%) [32mand uploaded [39m[1m0.0B[22m [32min [39m[1m18s[22m [32mwith[39m [1m1[22m [32mhotswaps[39m     
[33minfo[39m [32mverified[39m [1m18[22m [32mpieces and received[39m [1m0[22m [32minvalid pieces[39m
[33minfo[39m [32mpeer queue size is[39m [1m0[22m
                                                                                
[32mPress SPACE to pause download or CTRL+L to open download location[39m

[35m5.167.243.197:60465      [39m 6.3MB      245.8KB/s                    
                                                                                
... and 25 more     
                                                                                
[32mopen[39m [1mvlc[22m [32mand enter[39m [1mhttp://192.168.88.11:60461/[22m [32mas the network address[39m

[33minfo[39m [32mstreaming[39m [1mWednesday.S01E04.HDR.1080p.WEB-DL.H265.HEVC.mkv (1.7GB)[22m [32m-[39m [1m3.7MB/s[22m [32mfrom[39m [1m25/27[22m [32mpeers[39m    
[33minfo[39m [32mpath[39m [36m/tmp/torrent-stream/8230959aa8fd7f06de8a428e5b2075d4ae978917[39m
[33minfo[39m [32mdownloaded[39m [1m87.1MB[22m (0%) [32mand uploaded [39m[1m0.0B[22m [32min [39m[1m18s[22m [32mwith[39m [1m2[22m [32mhotswaps[39m     
[33minfo[39m [32mverified[39m [1m18[22m [32mpieces and received[39m [1m0[22m [32minvalid pieces[39m
[33minfo[39m [32mpeer queue size is[39m [1m0[22m
                                                                                
[32mPress SPACE to pause download or CTRL+L to open download location[39m

[35m5.167.243.197:60465      [39m 6.4MB      237.6KB/s                    
                                                                                
... and 26 more     
                                                                                
[32mopen[39m [1mvlc[22m [32mand enter[39m [1mhttp://192.168.88.11:60461/[22m [32mas the network address[39m

[33minfo[39m [32mstreaming[39m [1mWednesday.S01E04.HDR.1080p.WEB-DL.H265.HEVC.mkv (1.7GB)[22m [32m-[39m [1m3.5MB/s[22m [32mfrom[39m [1m25/27[22m [32mpeers[39m    
[33minfo[39m [32mpath[39m [36m/tmp/torrent-stream/8230959aa8fd7f06de8a428e5b2075d4ae978917[39m
[33minfo[39m [32mdownloaded[39m [1m88.6MB[22m (0%) [32mand uploaded [39m[1m0.0B[22m [32min [39m[1m19s[22m [32mwith[39m [1m2[22m [32mhotswaps[39m     
[33minfo[39m [32mverified[39m [1m19[22m [32mpieces and received[39m [1m0[22m [32minvalid pieces[39m
[33minfo[39m [32mpeer queue size is[39m [1m0[22m
                                                                                
[32mPress SPACE to pause download or CTRL+L to open download location[39m

[35m5.167.243.197:60465      [39m 6.4MB      239.2KB/s                    
                                                                                
... and 26 more     
                                                                                
[32mopen[39m [1mvlc[22m [32mand enter[39m [1mhttp://192.168.88.11:60461/[22m [32mas the network address[39m

[33minfo[39m [32mstreaming[39m [1mWednesday.S01E04.HDR.1080p.WEB-DL.H265.HEVC.mkv (1.7GB)[22m [32m-[39m [1m3.5MB/s[22m [32mfrom[39m [1m25/27[22m [32mpeers[39m    
[33minfo[39m [32mpath[39m [36m/tmp/torrent-stream/8230959aa8fd7f06de8a428e5b2075d4ae978917[39m
[33minfo[39m [32mdownloaded[39m [1m90.2MB[22m (0%) [32mand uploaded [39m[1m0.0B[22m [32min [39m[1m19s[22m [32mwith[39m [1m2[22m [32mhotswaps[39m     
[33minfo[39m [32mverified[39m [1m19[22m [32mpieces and received[39m [1m0[22m [32minvalid pieces[39m
[33minfo[39m [32mpeer queue size is[39m [1m0[22m
                                                                                
[32mPress SPACE to pause download or CTRL+L to open download location[39m

[35m5.167.243.197:60465      [39m 6.4MB      239.2KB/s                    
                                                                                
... and 26 more     
                                                                                
[32mopen[39m [1mvlc[22m [32mand enter[39m [1mhttp://192.168.88.11:60461/[22m [32mas the network address[39m

[33minfo[39m [32mstreaming[39m [1mWednesday.S01E04.HDR.1080p.WEB-DL.H265.HEVC.mkv (1.7GB)[22m [32m-[39m [1m3.4MB/s[22m [32mfrom[39m [1m25/27[22m [32mpeers[39m    
[33minfo[39m [32mpath[39m [36m/tmp/torrent-stream/8230959aa8fd7f06de8a428e5b2075d4ae978917[39m
[33minfo[39m [32mdownloaded[39m [1m91.7MB[22m (0%) [32mand uploaded [39m[1m0.0B[22m [32min [39m[1m20s[22m [32mwith[39m [1m2[22m [32mhotswaps[39m     
[33minfo[39m [32mverified[39m [1m20[22m [32mpieces and received[39m [1m0[22m [32minvalid pieces[39m
[33minfo[39m [32mpeer queue size is[39m [1m0[22m
                                                                                
[32mPress SPACE to pause download or CTRL+L to open download location[39m

[35m5.167.243.197:60465      [39m 6.5MB      224.5KB/s                    
                                                                                
... and 26 more     
                                                                                
[32mopen[39m [1mvlc[22m [32mand enter[39m [1mhttp://192.168.88.11:60461/[22m [32mas the network address[39m

[33minfo[39m [32mstreaming[39m [1mWednesday.S01E04.HDR.1080p.WEB-DL.H265.HEVC.mkv (1.7GB)[22m [32m-[39m [1m3.2MB/s[22m [32mfrom[39m [1m25/27[22m [32mpeers[39m    
[33minfo[39m [32mpath[39m [36m/tmp/torrent-stream/8230959aa8fd7f06de8a428e5b2075d4ae978917[39m
[33minfo[39m [32mdownloaded[39m [1m92.4MB[22m (0%) [32mand uploaded [39m[1m0.0B[22m [32min [39m[1m20s[22m [32mwith[39m [1m2[22m [32mhotswaps[39m     
[33minfo[39m [32mverified[39m [1m20[22m [32mpieces and received[39m [1m0[22m [32minvalid pieces[39m
[33minfo[39m [32mpeer queue size is[39m [1m0[22m
                                                                                
[32mPress SPACE to pause download or CTRL+L to open download location[39m

[35m5.167.243.197:60465      [39m 6.5MB      203.2KB/s                    
                                                                                
... and 26 more     
                                                                                
[32mopen[39m [1mvlc[22m [32mand enter[39m [1mhttp://192.168.88.11:60461/[22m [32mas the network address[39m

[33minfo[39m [32mstreaming[39m [1mWednesday.S01E04.HDR.1080p.WEB-DL.H265.HEVC.mkv (1.7GB)[22m [32m-[39m [1m3.1MB/s[22m [32mfrom[39m [1m25/27[22m [32mpeers[39m    
[33minfo[39m [32mpath[39m [36m/tmp/torrent-stream/8230959aa8fd7f06de8a428e5b2075d4ae978917[39m
[33minfo[39m [32mdownloaded[39m [1m93.5MB[22m (0%) [32mand uploaded [39m[1m0.0B[22m [32min [39m[1m21s[22m [32mwith[39m [1m2[22m [32mhotswaps[39m     
[33minfo[39m [32mverified[39m [1m20[22m [32mpieces and received[39m [1m0[22m [32minvalid pieces[39m
[33minfo[39m [32mpeer queue size is[39m [1m0[22m
                                                                                
[32mPress SPACE to pause download or CTRL+L to open download location[39m

[35m5.167.243.197:60465      [39m 6.5MB      191.7KB/s                    
                                                                                
... and 26 more     
                                                                                
[32mopen[39m [1mvlc[22m [32mand enter[39m [1mhttp://192.168.88.11:60461/[22m [32mas the network address[39m

[33minfo[39m [32mstreaming[39m [1mWednesday.S01E04.HDR.1080p.WEB-DL.H265.HEVC.mkv (1.7GB)[22m [32m-[39m [1m2.9MB/s[22m [32mfrom[39m [1m25/26[22m [32mpeers[39m    
[33minfo[39m [32mpath[39m [36m/tmp/torrent-stream/8230959aa8fd7f06de8a428e5b2075d4ae978917[39m
[33minfo[39m [32mdownloaded[39m [1m94.4MB[22m (0%) [32mand uploaded [39m[1m0.0B[22m [32min [39m[1m21s[22m [32mwith[39m [1m2[22m [32mhotswaps[39m     
[33minfo[39m [32mverified[39m [1m21[22m [32mpieces and received[39m [1m0[22m [32minvalid pieces[39m
[33minfo[39m [32mpeer queue size is[39m [1m0[22m
                                                                                
[32mPress SPACE to pause download or CTRL+L to open download location[39m

[35m5.167.243.197:60465      [39m 6.6MB      183.5KB/s                    
                                                                                
... and 25 more     
                                                                                
[32mopen[39m [1mvlc[22m [32mand enter[39m [1mhttp://192.168.88.11:60461/[22m [32mas the network address[39m

[33minfo[39m [32mstreaming[39m [1mWednesday.S01E04.HDR.1080p.WEB-DL.H265.HEVC.mkv (1.7GB)[22m [32m-[39m [1m2.6MB/s[22m [32mfrom[39m [1m25/26[22m [32mpeers[39m    
[33minfo[39m [32mpath[39m [36m/tmp/torrent-stream/8230959aa8fd7f06de8a428e5b2075d4ae978917[39m
[33minfo[39m [32mdownloaded[39m [1m95.6MB[22m (0%) [32mand uploaded [39m[1m0.0B[22m [32min [39m[1m22s[22m [32mwith[39m [1m2[22m [32mhotswaps[39m     
[33minfo[39m [32mverified[39m [1m21[22m [32mpieces and received[39m [1m0[22m [32minvalid pieces[39m
[33minfo[39m [32mpeer queue size is[39m [1m0[22m
                                                                                
[32mPress SPACE to pause download or CTRL+L to open download location[39m

[35m5.167.243.197:60465      [39m 6.6MB      175.3KB/s                    
                                                                                
... and 25 more     
                                                                                
