[33mVerifying downloaded:[39m 0%
[33mVerifying downloaded:[39m 0%
[33mVerifying downloaded:[39m 0%
[33mVerifying downloaded:[39m 0%
[33mVerifying downloaded:[39m 0%
[33mVerifying downloaded:[39m 12%
[33mVerifying downloaded:[39m 12%
[33mVerifying downloaded:[39m 12%
[33mVerifying downloaded:[39m 12%
[33mVerifying downloaded:[39m 12%
[33mVerifying downloaded:[39m 12%
[33mVerifying downloaded:[39m 12%
[33mVerifying downloaded:[39m 12%
[33mVerifying downloaded:[39m 12%
[33mVerifying downloaded:[39m 12%
[33mVerifying downloaded:[39m 12%
[33mVerifying downloaded:[39m 12%
[33mVerifying downloaded:[39m 96%
[H[2J[32mopen[39m [1mvlc[22m [32mand enter[39m [1mhttp://192.168.88.11:35639/[22m [32mas the network address[39m

[33minfo[39m [32mstreaming[39m [1mT2.SkyNet.Edition.BDRip.1080p.Rus.mkv (12.0GB)[22m [32m-[39m [1m0.0B/s[22m [32mfrom[39m [1m3/9[22m [32mpeers[39m    
[33minfo[39m [32mpath[39m [36m/tmp/torrent-stream/c7716028469c1cc20634d31df09ca86ff3f523ab[39m
[33minfo[39m [32mdownloaded[39m [1m0.0B[22m (0%) [32mand uploaded [39m[1m0.0B[22m [32min [39m[1m9s[22m [32mwith[39m [1m0[22m [32mhotswaps[39m     
[33minfo[39m [32mverified[39m [1m17[22m [32mpieces and received[39m [1m0[22m [32minvalid pieces[39m
[33minfo[39m [32mpeer queue size is[39m [1m0[22m
                                                                                
[32mPress SPACE to pause download or CTRL+L to open download location[39m

[35m95.31.49.8:51778         [39m 0.0B       0.0B/s     choked            
                                                                                
... and 8 more     
                                                                                
[32mopen[39m [1mvlc[22m [32mand enter[39m [1mhttp://192.168.88.11:35639/[22m [32mas the network address[39m

[33minfo[39m [32mstreaming[39m [1mT2.SkyNet.Edition.BDRip.1080p.Rus.mkv (12.0GB)[22m [32m-[39m [1m268.7KB/s[22m [32mfrom[39m [1m8/9[22m [32mpeers[39m    
[33minfo[39m [32mpath[39m [36m/tmp/torrent-stream/c7716028469c1cc20634d31df09ca86ff3f523ab[39m
[33minfo[39m [32mdownloaded[39m [1m1.3MB[22m (0%) [32mand uploaded [39m[1m0.0B[22m [32min [39m[1m10s[22m [32mwith[39m [1m0[22m [32mhotswaps[39m     
[33minfo[39m [32mverified[39m [1m17[22m [32mpieces and received[39m [1m0[22m [32minvalid pieces[39m
[33minfo[39m [32mpeer queue size is[39m [1m0[22m
                                                                                
[32mPress SPACE to pause download or CTRL+L to open download location[39m

[35m95.31.49.8:51778         [39m 475.1KB    48.7KB/s                     
                                                                                
... and 8 more     
                                                                                
[32mopen[39m [1mvlc[22m [32mand enter[39m [1mhttp://192.168.88.11:35639/[22m [32mas the network address[39m

[33minfo[39m [32mstreaming[39m [1mT2.SkyNet.Edition.BDRip.1080p.Rus.mkv (12.0GB)[22m [32m-[39m [1m829.0KB/s[22m [32mfrom[39m [1m9/9[22m [32mpeers[39m    
[33minfo[39m [32mpath[39m [36m/tmp/torrent-stream/c7716028469c1cc20634d31df09ca86ff3f523ab[39m
[33minfo[39m [32mdownloaded[39m [1m4.1MB[22m (0%) [32mand uploaded [39m[1m0.0B[22m [32min [39m[1m10s[22m [32mwith[39m [1m0[22m [32mhotswaps[39m     
[33minfo[39m [32mverified[39m [1m17[22m [32mpieces and received[39m [1m0[22m [32minvalid pieces[39m
[33minfo[39m [32mpeer queue size is[39m [1m0[22m
                                                                                
[32mPress SPACE to pause download or CTRL+L to open download location[39m

[35m95.31.49.8:51778         [39m 1.2MB      122.9KB/s                    
                                                                                
... and 8 more     
                                                                                
[32mopen[39m [1mvlc[22m [32mand enter[39m [1mhttp://192.168.88.11:35639/[22m [32mas the network address[39m

[33minfo[39m [32mstreaming[39m [1mT2.SkyNet.Edition.BDRip.1080p.Rus.mkv (12.0GB)[22m [32m-[39m [1m1.4MB/s[22m [32mfrom[39m [1m8/8[22m [32mpeers[39m    
[33minfo[39m [32mpath[39m [36m/tmp/torrent-stream/c7716028469c1cc20634d31df09ca86ff3f523ab[39m
[33minfo[39m [32mdownloaded[39m [1m7.2MB[22m (0%) [32mand uploaded [39m[1m0.0B[22m [32min [39m[1m11s[22m [32mwith[39m [1m0[22m [32mhotswaps[39m     
[33minfo[39m [32mverified[39m [1m17[22m [32mpieces and received[39m [1m0[22m [32minvalid pieces[39m
[33minfo[39m [32mpeer queue size is[39m [1m0[22m
                                                                                
[32mPress SPACE to pause download or CTRL+L to open download location[39m

[35m95.31.49.8:51778         [39m 1.9MB      195.0KB/s                    
                                                                                
... and 7 more     
                                                                                
[32mopen[39m [1mvlc[22m [32mand enter[39m [1mhttp://192.168.88.11:35639/[22m [32mas the network address[39m

[33minfo[39m [32mstreaming[39m [1mT2.SkyNet.Edition.BDRip.1080p.Rus.mkv (12.0GB)[22m [32m-[39m [1m2.0MB/s[22m [32mfrom[39m [1m8/8[22m [32mpeers[39m    
[33minfo[39m [32mpath[39m [36m/tmp/torrent-stream/c7716028469c1cc20634d31df09ca86ff3f523ab[39m
[33minfo[39m [32mdownloaded[39m [1m10.0MB[22m (0%) [32mand uploaded [39m[1m0.0B[22m [32min [39m[1m11s[22m [32mwith[39m [1m0[22m [32mhotswaps[39m     
[33minfo[39m [32mverified[39m [1m19[22m [32mpieces and received[39m [1m0[22m [32minvalid pieces[39m
[33minfo[39m [32mpeer queue size is[39m [1m0[22m
                                                                                
[32mPress SPACE to pause download or CTRL+L to open download location[39m

[35m95.31.49.8:51778         [39m 2.7MB      268.7KB/s                    
                                                                                
... and 7 more     
                                                                                
[32mopen[39m [1mvlc[22m [32mand enter[39m [1mhttp://192.168.88.11:35639/[22m [32mas the network address[39m

[33minfo[39m [32mstreaming[39m [1mT2.SkyNet.Edition.BDRip.1080p.Rus.mkv (12.0GB)[22m [32m-[39m [1m2.6MB/s[22m [32mfrom[39m [1m8/8[22m [32mpeers[39m    
[33minfo[39m [32mpath[39m [36m/tmp/torrent-stream/c7716028469c1cc20634d31df09ca86ff3f523ab[39m
[33minfo[39m [32mdownloaded[39m [1m13.2MB[22m (0%) [32mand uploaded [39m[1m0.0B[22m [32min [39m[1m12s[22m [32mwith[39m [1m0[22m [32mhotswaps[39m     
[33minfo[39m [32mverified[39m [1m19[22m [32mpieces and received[39m [1m0[22m [32minvalid pieces[39m
[33minfo[39m [32mpeer queue size is[39m [1m0[22m
                                                                                
[32mPress SPACE to pause download or CTRL+L to open download location[39m

[35m95.31.49.8:51778         [39m 3.4MB      339.1KB/s                    
                                                                                
... and 7 more     
                                                                                
[32mopen[39m [1mvlc[22m [32mand enter[39m [1mhttp://192.168.88.11:35639/[22m [32mas the network address[39m

[33minfo[39m [32mstreaming[39m [1mT2.SkyNet.Edition.BDRip.1080p.Rus.mkv (12.0GB)[22m [32m-[39m [1m3.3MB/s[22m [32mfrom[39m [1m8/8[22m [32mpeers[39m    
[33minfo[39m [32mpath[39m [36m/tmp/torrent-stream/c7716028469c1cc20634d31df09ca86ff3f523ab[39m
[33minfo[39m [32mdownloaded[39m [1m16.4MB[22m (0%) [32mand uploaded [39m[1m0.0B[22m [32min [39m[1m12s[22m [32mwith[39m [1m0[22m [32mhotswaps[39m     
[33minfo[39m [32mverified[39m [1m20[22m [32mpieces and received[39m [1m0[22m [32minvalid pieces[39m
[33minfo[39m [32mpeer queue size is[39m [1m0[22m
                                                                                
[32mPress SPACE to pause download or CTRL+L to open download location[39m

[35m95.31.49.8:51778         [39m 4.1MB      412.9KB/s                    
                                                                                
... and 7 more     
                                                                                
[32mopen[39m [1mvlc[22m [32mand enter[39m [1mhttp://192.168.88.11:35639/[22m [32mas the network address[39m

[33minfo[39m [32mstreaming[39m [1mT2.SkyNet.Edition.BDRip.1080p.Rus.mkv (12.0GB)[22m [32m-[39m [1m3.9MB/s[22m [32mfrom[39m [1m8/8[22m [32mpeers[39m    
[33minfo[39m [32mpath[39m [36m/tmp/torrent-stream/c7716028469c1cc20634d31df09ca86ff3f523ab[39m
[33minfo[39m [32mdownloaded[39m [1m19.6MB[22m (0%) [32mand uploaded [39m[1m0.0B[22m [32min [39m[1m13s[22m [32mwith[39m [1m0[22m [32mhotswaps[39m     
[33minfo[39m [32mverified[39m [1m21[22m [32mpieces and received[39m [1m0[22m [32minvalid pieces[39m
[33minfo[39m [32mpeer queue size is[39m [1m0[22m
                                                                                
[32mPress SPACE to pause download or CTRL+L to open download location[39m

[35m95.31.49.8:51778         [39m 4.8MB      478.4KB/s                    
                                                                                
... and 7 more     
                                                                                
[32mopen[39m [1mvlc[22m [32mand enter[39m [1mhttp://192.168.88.11:35639/[22m [32mas the network address[39m

[33minfo[39m [32mstreaming[39m [1mT2.SkyNet.Edition.BDRip.1080p.Rus.mkv (12.0GB)[22m [32m-[39m [1m4.5MB/s[22m [32mfrom[39m [1m8/8[22m [32mpeers[39m    
[33minfo[39m [32mpath[39m [36m/tmp/torrent-stream/c7716028469c1cc20634d31df09ca86ff3f523ab[39m
[33minfo[39m [32mdownloaded[39m [1m22.7MB[22m (0%) [32mand uploaded [39m[1m0.0B[22m [32min [39m[1m13s[22m [32mwith[39m [1m0[22m [32mhotswaps[39m     
[33minfo[39m [32mverified[39m [1m21[22m [32mpieces and received[39m [1m0[22m [32minvalid pieces[39m
[33minfo[39m [32mpeer queue size is[39m [1m0[22m
                                                                                
[32mPress SPACE to pause download or CTRL+L to open download location[39m

[35m95.31.49.8:51778         [39m 5.6MB      555.4KB/s                    
                                                                                
... and 7 more     
                                                                                
[32mopen[39m [1mvlc[22m [32mand enter[39m [1mhttp://192.168.88.11:35639/[22m [32mas the network address[39m

[33minfo[39m [32mstreaming[39m [1mT2.SkyNet.Edition.BDRip.1080p.Rus.mkv (12.0GB)[22m [32m-[39m [1m5.2MB/s[22m [32mfrom[39m [1m8/8[22m [32mpeers[39m    
[33minfo[39m [32mpath[39m [36m/tmp/torrent-stream/c7716028469c1cc20634d31df09ca86ff3f523ab[39m
[33minfo[39m [32mdownloaded[39m [1m25.9MB[22m (0%) [32mand uploaded [39m[1m0.0B[22m [32min [39m[1m14s[22m [32mwith[39m [1m0[22m [32mhotswaps[39m     
[33minfo[39m [32mverified[39m [1m21[22m [32mpieces and received[39m [1m0[22m [32minvalid pieces[39m
[33minfo[39m [32mpeer queue size is[39m [1m0[22m
                                                                                
[32mPress SPACE to pause download or CTRL+L to open download location[39m

[35m95.31.49.8:51778         [39m 6.3MB      627.5KB/s                    
                                                                                
... and 7 more     
                                                                                
[32mopen[39m [1mvlc[22m [32mand enter[39m [1mhttp://192.168.88.11:35639/[22m [32mas the network address[39m

[33minfo[39m [32mstreaming[39m [1mT2.SkyNet.Edition.BDRip.1080p.Rus.mkv (12.0GB)[22m [32m-[39m [1m5.7MB/s[22m [32mfrom[39m [1m8/8[22m [32mpeers[39m    
[33minfo[39m [32mpath[39m [36m/tmp/torrent-stream/c7716028469c1cc20634d31df09ca86ff3f523ab[39m
[33minfo[39m [32mdownloaded[39m [1m29.1MB[22m (0%) [32mand uploaded [39m[1m0.0B[22m [32min [39m[1m14s[22m [32mwith[39m [1m0[22m [32mhotswaps[39m     
[33minfo[39m [32mverified[39m [1m22[22m [32mpieces and received[39m [1m0[22m [32minvalid pieces[39m
[33minfo[39m [32mpeer queue size is[39m [1m0[22m
                                                                                
[32mPress SPACE to pause download or CTRL+L to open download location[39m

[35m95.31.49.8:51778         [39m 7.0MB      699.6KB/s                    
                                                                                
... and 7 more     
                                                                                
[32mopen[39m [1mvlc[22m [32mand enter[39m [1mhttp://192.168.88.11:35639/[22m [32mas the network address[39m

[33minfo[39m [32mstreaming[39m [1mT2.SkyNet.Edition.BDRip.1080p.Rus.mkv (12.0GB)[22m [32m-[39m [1m5.8MB/s[22m [32mfrom[39m [1m8/8[22m [32mpeers[39m    
[33minfo[39m [32mpath[39m [36m/tmp/torrent-stream/c7716028469c1cc20634d31df09ca86ff3f523ab[39m
[33minfo[39m [32mdownloaded[39m [1m32.2MB[22m (0%) [32mand uploaded [39m[1m0.0B[22m [32min [39m[1m15s[22m [32mwith[39m [1m0[22m [32mhotswaps[39m     
[33minfo[39m [32mverified[39m [1m23[22m [32mpieces and received[39m [1m0[22m [32minvalid pieces[39m
[33minfo[39m [32mpeer queue size is[39m [1m0[22m
                                                                                
[32mPress SPACE to pause download or CTRL+L to open download location[39m

[35m95.31.49.8:51778         [39m 7.8MB      776.6KB/s                    
                                                                                
... and 7 more     
                                                                                
[32mopen[39m [1mvlc[22m [32mand enter[39m [1mhttp://192.168.88.11:35639/[22m [32mas the network address[39m

[33minfo[39m [32mstreaming[39m [1mT2.SkyNet.Edition.BDRip.1080p.Rus.mkv (12.0GB)[22m [32m-[39m [1m5.9MB/s[22m [32mfrom[39m [1m8/8[22m [32mpeers[39m    
[33minfo[39m [32mpath[39m [36m/tmp/torrent-stream/c7716028469c1cc20634d31df09ca86ff3f523ab[39m
[33minfo[39m [32mdownloaded[39m [1m35.5MB[22m (0%) [32mand uploaded [39m[1m0.0B[22m [32min [39m[1m15s[22m [32mwith[39m [1m0[22m [32mhotswaps[39m     
[33minfo[39m [32mverified[39m [1m23[22m [32mpieces and received[39m [1m0[22m [32minvalid pieces[39m
[33minfo[39m [32mpeer queue size is[39m [1m0[22m
                                                                                
[32mPress SPACE to pause download or CTRL+L to open download location[39m

[35m95.31.49.8:51778         [39m 8.5MB      850.3KB/s                    
                                                                                
... and 7 more     
                                                                                
[32mopen[39m [1mvlc[22m [32mand enter[39m [1mhttp://192.168.88.11:35639/[22m [32mas the network address[39m

[33minfo[39m [32mstreaming[39m [1mT2.SkyNet.Edition.BDRip.1080p.Rus.mkv (12.0GB)[22m [32m-[39m [1m5.9MB/s[22m [32mfrom[39m [1m8/8[22m [32mpeers[39m    
[33minfo[39m [32mpath[39m [36m/tmp/torrent-stream/c7716028469c1cc20634d31df09ca86ff3f523ab[39m
[33minfo[39m [32mdownloaded[39m [1m38.6MB[22m (0%) [32mand uploaded [39m[1m0.0B[22m [32min [39m[1m16s[22m [32mwith[39m [1m0[22m [32mhotswaps[39m     
[33minfo[39m [32mverified[39m [1m24[22m [32mpieces and received[39m [1m0[22m [32minvalid pieces[39m
[33minfo[39m [32mpeer queue size is[39m [1m0[22m
                                                                                
[32mPress SPACE to pause download or CTRL+L to open download location[39m

[35m95.31.49.8:51778         [39m 9.2MB      920.8KB/s                    
                                                                                
... and 7 more     
                                                                                
[32mopen[39m [1mvlc[22m [32mand enter[39m [1mhttp://192.168.88.11:35639/[22m [32mas the network address[39m

[33minfo[39m [32mstreaming[39m [1mT2.SkyNet.Edition.BDRip.1080p.Rus.mkv (12.0GB)[22m [32m-[39m [1m5.9MB/s[22m [32mfrom[39m [1m8/8[22m [32mpeers[39m    
[33minfo[39m [32mpath[39m [36m/tmp/torrent-stream/c7716028469c1cc20634d31df09ca86ff3f523ab[39m
[33minfo[39m [32mdownloaded[39m [1m41.7MB[22m (0%) [32mand uploaded [39m[1m0.0B[22m [32min [39m[1m16s[22m [32mwith[39m [1m0[22m [32mhotswaps[39m     
[33minfo[39m [32mverified[39m [1m25[22m [32mpieces and received[39m [1m0[22m [32minvalid pieces[39m
[33minfo[39m [32mpeer queue size is[39m [1m0[22m
                                                                                
[32mPress SPACE to pause download or CTRL+L to open download location[39m

[35m95.31.49.8:51778         [39m 9.9MB      992.9KB/s                    
                                                                                
... and 7 more     
                                                                                
[32mopen[39m [1mvlc[22m [32mand enter[39m [1mhttp://192.168.88.11:35639/[22m [32mas the network address[39m

[33minfo[39m [32mstreaming[39m [1mT2.SkyNet.Edition.BDRip.1080p.Rus.mkv (12.0GB)[22m [32m-[39m [1m5.9MB/s[22m [32mfrom[39m [1m8/8[22m [32mpeers[39m    
[33minfo[39m [32mpath[39m [36m/tmp/torrent-stream/c7716028469c1cc20634d31df09ca86ff3f523ab[39m
[33minfo[39m [32mdownloaded[39m [1m44.9MB[22m (0%) [32mand uploaded [39m[1m0.0B[22m [32min [39m[1m17s[22m [32mwith[39m [1m0[22m [32mhotswaps[39m     
[33minfo[39m [32mverified[39m [1m26[22m [32mpieces and received[39m [1m0[22m [32minvalid pieces[39m
[33minfo[39m [32mpeer queue size is[39m [1m0[22m
                                                                                
[32mPress SPACE to pause download or CTRL+L to open download location[39m

[35m95.31.49.8:51778         [39m 10.7MB     1.1MB/s                      
                                                                                
... and 7 more     
                                                                                
[32mopen[39m [1mvlc[22m [32mand enter[39m [1mhttp://192.168.88.11:35639/[22m [32mas the network address[39m

[33minfo[39m [32mstreaming[39m [1mT2.SkyNet.Edition.BDRip.1080p.Rus.mkv (12.0GB)[22m [32m-[39m [1m5.9MB/s[22m [32mfrom[39m [1m8/8[22m [32mpeers[39m    
[33minfo[39m [32mpath[39m [36m/tmp/torrent-stream/c7716028469c1cc20634d31df09ca86ff3f523ab[39m
[33minfo[39m [32mdownloaded[39m [1m48.0MB[22m (0%) [32mand uploaded [39m[1m0.0B[22m [32min [39m[1m17s[22m [32mwith[39m [1m0[22m [32mhotswaps[39m     
[33minfo[39m [32mverified[39m [1m26[22m [32mpieces and received[39m [1m0[22m [32minvalid pieces[39m
[33minfo[39m [32mpeer queue size is[39m [1m0[22m
                                                                                
[32mPress SPACE to pause download or CTRL+L to open download location[39m

[35m95.31.49.8:51778         [39m 11.4MB     1.1MB/s                      
                                                                                
... and 7 more     
                                                                                
[32mopen[39m [1mvlc[22m [32mand enter[39m [1mhttp://192.168.88.11:35639/[22m [32mas the network address[39m

[33minfo[39m [32mstreaming[39m [1mT2.SkyNet.Edition.BDRip.1080p.Rus.mkv (12.0GB)[22m [32m-[39m [1m5.9MB/s[22m [32mfrom[39m [1m8/8[22m [32mpeers[39m    
[33minfo[39m [32mpath[39m [36m/tmp/torrent-stream/c7716028469c1cc20634d31df09ca86ff3f523ab[39m
[33minfo[39m [32mdownloaded[39m [1m51.1MB[22m (0%) [32mand uploaded [39m[1m0.0B[22m [32min [39m[1m18s[22m [32mwith[39m [1m0[22m [32mhotswaps[39m     
[33minfo[39m [32mverified[39m [1m27[22m [32mpieces and received[39m [1m0[22m [32minvalid pieces[39m
[33minfo[39m [32mpeer queue size is[39m [1m0[22m
                                                                                
[32mPress SPACE to pause download or CTRL+L to open download location[39m

[35m95.31.49.8:51778         [39m 12.1MB     1.2MB/s                      
                                                                                
... and 7 more     
                                                                                
[32mopen[39m [1mvlc[22m [32mand enter[39m [1mhttp://192.168.88.11:35639/[22m [32mas the network address[39m

[33minfo[39m [32mstreaming[39m [1mT2.SkyNet.Edition.BDRip.1080p.Rus.mkv (12.0GB)[22m [32m-[39m [1m5.9MB/s[22m [32mfrom[39m [1m8/8[22m [32mpeers[39m    
[33minfo[39m [32mpath[39m [36m/tmp/torrent-stream/c7716028469c1cc20634d31df09ca86ff3f523ab[39m
[33minfo[39m [32mdownloaded[39m [1m54.3MB[22m (0%) [32mand uploaded [39m[1m0.0B[22m [32min [39m[1m18s[22m [32mwith[39m [1m0[22m [32mhotswaps[39m     
[33minfo[39m [32mverified[39m [1m28[22m [32mpieces and received[39m [1m0[22m [32minvalid pieces[39m
[33minfo[39m [32mpeer queue size is[39m [1m0[22m
                                                                                
[32mPress SPACE to pause download or CTRL+L to open download location[39m

[35m95.31.49.8:51778         [39m 12.8MB     1.3MB/s                      
                                                                                
... and 7 more     
                                                                                
[32mopen[39m [1mvlc[22m [32mand enter[39m [1mhttp://192.168.88.11:35639/[22m [32mas the network address[39m

[33minfo[39m [32mstreaming[39m [1mT2.SkyNet.Edition.BDRip.1080p.Rus.mkv (12.0GB)[22m [32m-[39m [1m5.9MB/s[22m [32mfrom[39m [1m8/8[22m [32mpeers[39m    
[33minfo[39m [32mpath[39m [36m/tmp/torrent-stream/c7716028469c1cc20634d31df09ca86ff3f523ab[39m
[33minfo[39m [32mdownloaded[39m [1m57.6MB[22m (0%) [32mand uploaded [39m[1m0.0B[22m [32min [39m[1m19s[22m [32mwith[39m [1m0[22m [32mhotswaps[39m     
[33minfo[39m [32mverified[39m [1m28[22m [32mpieces and received[39m [1m0[22m [32minvalid pieces[39m
[33minfo[39m [32mpeer queue size is[39m [1m0[22m
                                                                                
[32mPress SPACE to pause download or CTRL+L to open download location[39m

[35m95.31.49.8:51778         [39m 13.5MB     1.4MB/s                      
                                                                                
... and 7 more     
                                                                                
